<?xml version="1.0" encoding="UTF-8"?>
<testng-results skipped="0" failed="0" ignored="0" total="2" passed="2">
  <reporter-output>
  </reporter-output>
  <suite name="Suite" duration-ms="18197" started-at="2022-03-06T14:48:13 IST" finished-at="2022-03-06T14:48:32 IST">
    <groups>
    </groups>
    <test name="Test" duration-ms="12525" started-at="2022-03-06T14:48:13 IST" finished-at="2022-03-06T14:48:26 IST">
      <class name="com.testng.crossbrowser.CrossTest">
        <test-method status="PASS" signature="browser(java.lang.String)[pri:0, instance:com.testng.crossbrowser.CrossTest@3fd7a715]" name="browser" duration-ms="12461" started-at="2022-03-06T14:48:13 IST" finished-at="2022-03-06T14:48:26 IST">
          <params>
            <param index="0">
              <value>
                <![CDATA[firefox]]>
              </value>
            </param>
          </params>
          <reporter-output>
          </reporter-output>
        </test-method> <!-- browser -->
      </class> <!-- com.testng.crossbrowser.CrossTest -->
    </test> <!-- Test -->
    <test name="Test1" duration-ms="5629" started-at="2022-03-06T14:48:26 IST" finished-at="2022-03-06T14:48:32 IST">
      <class name="com.testng.crossbrowser.CrossTest">
        <test-method status="PASS" signature="browser(java.lang.String)[pri:0, instance:com.testng.crossbrowser.CrossTest@7e2d773b]" name="browser" duration-ms="5625" started-at="2022-03-06T14:48:26 IST" finished-at="2022-03-06T14:48:32 IST">
          <params>
            <param index="0">
              <value>
                <![CDATA[chrome]]>
              </value>
            </param>
          </params>
          <reporter-output>
          </reporter-output>
        </test-method> <!-- browser -->
      </class> <!-- com.testng.crossbrowser.CrossTest -->
    </test> <!-- Test1 -->
  </suite> <!-- Suite -->
</testng-results>
