<?xml version="1.0" encoding="UTF-8"?>
<!-- Generated by org.testng.reporters.JUnitXMLReporter -->
<testsuite hostname="DESKTOP-UNQUKT1" ignored="3" name="Default test(failed)(failed)" tests="1" failures="0" timestamp="2022-03-05T16:05:15 IST" time="0.04" errors="0">
  <testcase name="TC06" time="0.006" classname="com.testng.testsuite.SampleB"/>
  <testcase name="TC07" time="0.0" classname="com.testng.testsuite.SampleB">
    <ignored/>
  </testcase> <!-- TC07 -->
  <testcase name="TC05" time="0.0" classname="com.testng.testsuite.SampleB">
    <ignored/>
  </testcase> <!-- TC05 -->
  <testcase name="TC08" time="0.0" classname="com.testng.testsuite.SampleB">
    <ignored/>
  </testcase> <!-- TC08 -->
</testsuite> <!-- Default test(failed)(failed) -->
