<?xml version="1.0" encoding="UTF-8"?>
<!-- Generated by org.testng.reporters.JUnitXMLReporter -->
<testsuite hostname="DESKTOP-UNQUKT1" ignored="7" name="Test" tests="3" failures="3" timestamp="2022-03-04T12:40:27 IST" time="0.067" errors="0">
  <testcase name="TC01" time="0.009" classname="com.testng.testsuite.SampleA">
    <failure type="java.lang.AssertionError" message="null">
      <![CDATA[java.lang.AssertionError: null
at com.testng.testsuite.SampleA.TC01(SampleA.java:11)
at java.util.ArrayList.forEach(Unknown Source)
... Removed 29 stack frames]]>
    </failure>
  </testcase> <!-- TC01 -->
  <testcase name="TC06" time="0.003" classname="com.testng.testsuite.SampleB">
    <failure type="java.lang.AssertionError" message="null">
      <![CDATA[java.lang.AssertionError: null
at com.testng.testsuite.SampleB.TC06(SampleB.java:14)
at java.util.ArrayList.forEach(Unknown Source)
... Removed 29 stack frames]]>
    </failure>
  </testcase> <!-- TC06 -->
  <testcase name="TC10" time="0.001" classname="com.testng.testsuite.SampleC">
    <failure type="java.lang.AssertionError" message="null">
      <![CDATA[java.lang.AssertionError: null
at com.testng.testsuite.SampleC.TC10(SampleC.java:14)
at java.util.ArrayList.forEach(Unknown Source)
... Removed 29 stack frames]]>
    </failure>
  </testcase> <!-- TC10 -->
  <testcase name="TC09" time="0.0" classname="com.testng.testsuite.SampleC">
    <ignored/>
  </testcase> <!-- TC09 -->
  <testcase name="TC02" time="0.0" classname="com.testng.testsuite.SampleA">
    <ignored/>
  </testcase> <!-- TC02 -->
  <testcase name="TC07" time="0.0" classname="com.testng.testsuite.SampleB">
    <ignored/>
  </testcase> <!-- TC07 -->
  <testcase name="TC03" time="0.0" classname="com.testng.testsuite.SampleA">
    <ignored/>
  </testcase> <!-- TC03 -->
  <testcase name="TC04" time="0.0" classname="com.testng.testsuite.SampleA">
    <ignored/>
  </testcase> <!-- TC04 -->
  <testcase name="TC05" time="0.0" classname="com.testng.testsuite.SampleB">
    <ignored/>
  </testcase> <!-- TC05 -->
  <testcase name="TC08" time="0.0" classname="com.testng.testsuite.SampleB">
    <ignored/>
  </testcase> <!-- TC08 -->
</testsuite> <!-- Test -->
